Wys’s Wyland Virtual Machine
Wyland 1.0 —— Orkhon Töresi
Preparing...
Invoking...
fetched: 18 (12) LIP: 1  IP: 524288001
fetched: 2 (2)   LIP: 2  IP: 524288003
fetched: 0 (0)   LIP: 3  IP: 524288007
fetched: 0 (0)   LIP: 4  IP: 524288008
fetched: 0 (0)   LIP: 5  IP: 524288009
fetched: 0 (0)   LIP: 6  IP: 524288010
fetched: 0 (0)   LIP: 7  IP: 524288011
fetched: 0 (0)   LIP: 8  IP: 524288012
fetched: 0 (0)   LIP: 9  IP: 524288013
fetched: 0 (0)   LIP: 10 IP: 524288014
fetched: 1 (1)   LIP: 11 IP: 524288015
fetched: 3 (3)   LIP: 12 IP: 524288025
fetched: 1 (1)   LIP: 13 IP: 524288036
fetched: 18 (12) LIP: 14 IP: 524288046
fetched: 5 (5)   LIP: 15 IP: 524288048
fetched: 5 (5)   LIP: 16 IP: 524288051
fetched: 17 (11) LIP: 17 IP: 524288054
fetched: 10 (A)  LIP: 18 IP: 524288057
fetched: 0 (0)   LIP: 19 IP: 524288024
fetched: 0 (0)   LIP: 20 IP: 524288025
fetched: 0 (0)   LIP: 21 IP: 524288026
fetched: 0 (0)   LIP: 22 IP: 524288027
fetched: 0 (0)   LIP: 23 IP: 524288028
fetched: 0 (0)   LIP: 24 IP: 524288029
fetched: 0 (0)   LIP: 25 IP: 524288030
fetched: 0 (0)   LIP: 26 IP: 524288031
fetched: 31 (1F) LIP: 27 IP: 524288032
